<?xml version="1.0" encoding="UTF-8"?>
<!-- Generated by org.testng.reporters.JUnitXMLReporter -->
<testsuite ignored="1" hostname="LAPTOP-9V20HKV3" failures="0" tests="1" name="ChromeTest(failed)(failed)(failed)" time="24.407" errors="0" timestamp="2023-10-12T14:09:13 IST">
  <testcase classname="TestNGClasses.VerifyHomePage" name="toVerifySearchOption" time="15.119"/>
  <testcase classname="TestNGClasses.VerifyHomePage" name="toVerifyProfilePhotoPage" time="0.0">
    <ignored/>
  </testcase> <!-- toVerifyProfilePhotoPage -->
</testsuite> <!-- ChromeTest(failed)(failed)(failed) -->
