<?xml version="1.0" encoding="UTF-8"?>
<!-- Generated by org.testng.reporters.JUnitXMLReporter -->
<testsuite ignored="1" hostname="LAPTOP-9V20HKV3" failures="2" tests="2" name="SanityTest" time="0.058" errors="0" timestamp="2023-10-12T19:11:05 IST">
  <testcase classname="TestNGClasses.VerifyLoginPage" name="toVerifyForgetPasswordPage" time="0.01">
    <failure type="java.lang.NullPointerException" message="Cannot invoke &amp;quot;pages.ForgetPasswordPage.clickOnForgetPasswordLink()&amp;quot; because &amp;quot;this.forgetPasswordPage&amp;quot; is null">
      <![CDATA[java.lang.NullPointerException: Cannot invoke "pages.ForgetPasswordPage.clickOnForgetPasswordLink()" because "this.forgetPasswordPage" is null
at TestNGClasses.VerifyLoginPage.toVerifyForgetPasswordPage(VerifyLoginPage.java:82)
at java.base/java.util.ArrayList.forEach(ArrayList.java:1511)
... Removed 27 stack frames]]>
    </failure>
  </testcase> <!-- toVerifyForgetPasswordPage -->
  <testcase classname="TestNGClasses.VerifyHomePage" name="toVerifyProfilePhotoPage" time="0.002">
    <failure type="java.lang.NullPointerException" message="Cannot invoke &amp;quot;pages.ProfilePhotoPage.clickOnProfile()&amp;quot; because &amp;quot;this.profilePhotoPage&amp;quot; is null">
      <![CDATA[java.lang.NullPointerException: Cannot invoke "pages.ProfilePhotoPage.clickOnProfile()" because "this.profilePhotoPage" is null
at TestNGClasses.VerifyHomePage.toVerifyProfilePhotoPage(VerifyHomePage.java:83)
at java.base/java.util.ArrayList.forEach(ArrayList.java:1511)
... Removed 27 stack frames]]>
    </failure>
  </testcase> <!-- toVerifyProfilePhotoPage -->
  <testcase classname="TestNGClasses.VerifyLoginPage" name="toVerifySignUpPage" time="0.0">
    <ignored/>
  </testcase> <!-- toVerifySignUpPage -->
</testsuite> <!-- SanityTest -->
