<?xml version="1.0" encoding="UTF-8"?>
<!-- Generated by org.testng.reporters.JUnitXMLReporter -->
<testsuite ignored="1" hostname="LAPTOP-9V20HKV3" failures="0" tests="4" name="Test" time="34.817" errors="0" timestamp="2023-09-28T16:33:57 IST">
  <testcase classname="TestNGClasses.VerifyHomePage" name="toVerifyProfilePhotoPage" time="7.023"/>
  <testcase classname="TestsClasses.T1" name="test" time="0.003"/>
  <testcase classname="TestNGClasses.VerifyLoginPage" name="toVerifyForgetPasswordPage" time="3.122"/>
  <testcase classname="TestNGClasses.VerifyLoginPage" name="toVerifySignUpPage" time="3.589"/>
  <testcase classname="TestNGClasses.VerifyHomePage" name="toVerifySearchOption" time="0.0">
    <ignored/>
  </testcase> <!-- toVerifySearchOption -->
</testsuite> <!-- Test -->
